<?xml version="1.0" encoding="UTF-8"?>
<!-- Generated by org.testng.reporters.JUnitReportReporter -->
<testsuite hostname="rutul4100" failures="0" tests="3" name="com.testAutomation.tests.DataDrivenTestingUsingCSV" time="6.450" errors="0" timestamp="2024-10-01T08:40:19 IST" skipped="0">
  <testcase classname="com.testAutomation.tests.DataDrivenTestingUsingCSV" name="dataDriverTest" time="3.893"/>
  <testcase classname="com.testAutomation.tests.DataDrivenTestingUsingCSV" name="dataDriverTest" time="1.413"/>
  <testcase classname="com.testAutomation.tests.DataDrivenTestingUsingCSV" name="dataDriverTest" time="1.144"/>
</testsuite> <!-- com.testAutomation.tests.DataDrivenTestingUsingCSV -->
