<?xml version="1.0" encoding="UTF-8"?>
<!-- Generated by org.testng.reporters.JUnitReportReporter -->
<testsuite hostname="rutul4100" failures="0" tests="2" name="com.testAutomation.tests.DDTUsingExcelFile" time="4.981" errors="0" timestamp="2024-10-01T09:13:18 IST" skipped="0">
  <testcase classname="com.testAutomation.tests.DDTUsingExcelFile" name="testFromExcel" time="3.652"/>
  <testcase classname="com.testAutomation.tests.DDTUsingExcelFile" name="testFromExcel" time="1.329"/>
</testsuite> <!-- com.testAutomation.tests.DDTUsingExcelFile -->
