<?xml version="1.0" encoding="UTF-8"?>
<!-- Generated by org.testng.reporters.JUnitReportReporter -->
<testsuite hostname="rutul4100" failures="0" tests="1" name="com.testAutomation.tests.CreateBooking" time="12.002" errors="0" timestamp="2024-09-27T19:45:55 IST" skipped="0">
  <testcase classname="com.testAutomation.tests.CreateBooking" name="createBooking" time="12.002"/>
</testsuite> <!-- com.testAutomation.tests.CreateBooking -->
