<?xml version="1.0" encoding="UTF-8"?>
<!-- Generated by org.testng.reporters.JUnitReportReporter -->
<testsuite hostname="rutul4100" failures="0" tests="1" name="com.testAutomation.tests.GetAPIRequest" time="2.565" errors="0" timestamp="2024-09-26T10:03:39 IST" skipped="0">
  <testcase classname="com.testAutomation.tests.GetAPIRequest" name="getAllBookings" time="2.565"/>
</testsuite> <!-- com.testAutomation.tests.GetAPIRequest -->
