<?xml version="1.0" encoding="UTF-8"?>
<!-- Generated by org.testng.reporters.JUnitReportReporter -->
<testsuite hostname="rutul4100" failures="0" tests="3" name="com.testAutomation.tests.DataDriverTesingUsingJSONFile" time="5.819" errors="0" timestamp="2024-09-30T20:56:44 IST" skipped="0">
  <testcase classname="com.testAutomation.tests.DataDriverTesingUsingJSONFile" name="dataDriverTest" time="1.195"/>
  <testcase classname="com.testAutomation.tests.DataDriverTesingUsingJSONFile" name="dataDriverTest" time="1.160"/>
  <testcase classname="com.testAutomation.tests.DataDriverTesingUsingJSONFile" name="dataDriverTest" time="3.464"/>
</testsuite> <!-- com.testAutomation.tests.DataDriverTesingUsingJSONFile -->
