<?xml version="1.0" encoding="UTF-8"?>
<!-- Generated by org.testng.reporters.JUnitReportReporter -->
<testsuite hostname="rutul4100" failures="0" tests="1" name="com.testAutomation.tests.CreateBookingUsingFileAsPayload" time="4.264" errors="0" timestamp="2024-09-27T20:09:03 IST" skipped="0">
  <testcase classname="com.testAutomation.tests.CreateBookingUsingFileAsPayload" name="postAPIRequest" time="4.264"/>
</testsuite> <!-- com.testAutomation.tests.CreateBookingUsingFileAsPayload -->
