<?xml version="1.0" encoding="UTF-8"?>
<!-- Generated by org.testng.reporters.JUnitReportReporter -->
<testsuite hostname="rutul4100" failures="0" tests="1" name="com.testAutomation.tests.UpdateResourcePutCall" time="8.107" errors="0" timestamp="2024-09-27T20:24:58 IST" skipped="0">
  <testcase classname="com.testAutomation.tests.UpdateResourcePutCall" name="postAPIRequest" time="8.107"/>
</testsuite> <!-- com.testAutomation.tests.UpdateResourcePutCall -->
