<?xml version="1.0" encoding="UTF-8"?>
<!-- Generated by org.testng.reporters.JUnitReportReporter -->
<testsuite hostname="rutul4100" failures="0" tests="1" name="com.testAutomation.tests.AllureReportGeneration" time="17.720" errors="0" timestamp="2024-09-30T20:24:25 IST" skipped="0">
  <testcase classname="com.testAutomation.tests.AllureReportGeneration" name="deleteResource" time="17.720"/>
</testsuite> <!-- com.testAutomation.tests.AllureReportGeneration -->
